<?xml version="1.0" encoding="UTF-8" standalone="yes"?><!DOCTYPE report PUBLIC "-//JACOCO//DTD Report 1.1//EN"
        "report.dtd">
<report name="euromillions-play">
    <sessioninfo id="aluno-2393.wireless.ua.pt-6e438d5f" start="1619456357314" dump="1619456357989"/>
    <sessioninfo id="MacBook-Pro-de-Andre.local-227d533a" start="1619525923868" dump="1619525924857"/>
    <sessioninfo id="MacBook-Pro-de-Andre.local-9299fe54" start="1619527476230" dump="1619527476937"/>
    <sessioninfo id="MacBook-Pro-de-Andre.local-a8aa403d" start="1619527512988" dump="1619527513696"/>
    <sessioninfo id="MacBook-Pro-de-Andre.local-b57b5a30" start="1619527672966" dump="1619527673699"/>
    <sessioninfo id="MacBook-Pro-de-Andre.local-dfc33128" start="1619527888897" dump="1619527889664"/>
    <sessioninfo id="MacBook-Pro-de-Andre.local-97479de4" start="1619527989946" dump="1619527990729"/>
    <sessioninfo id="MacBook-Pro-de-Andre.local-ec17a4b6" start="1619528058620" dump="1619528059384"/>
    <sessioninfo id="MacBook-Pro-de-Andre.local-930a6568" start="1619528171945" dump="1619528172700"/>
    <sessioninfo id="MacBook-Pro-de-Andre.local-aac0e35f" start="1619528266708" dump="1619528267430"/>
    <sessioninfo id="MacBook-Pro-de-Andre.local-e0952ed1" start="1619528453013" dump="1619528453902"/>
    <sessioninfo id="MacBook-Pro-de-Andre.local-86895dbc" start="1619528559314" dump="1619528560073"/>
    <sessioninfo id="MacBook-Pro-de-Andre.local-b6446305" start="1619528589872" dump="1619528590670"/>
    <sessioninfo id="MacBook-Pro-de-Andre.local-72eb6f97" start="1619528601246" dump="1619528601991"/>
    <sessioninfo id="MacBook-Pro-de-Andre.local-76483b96" start="1619528741082" dump="1619528741840"/>
    <package name="sets">
        <class name="sets/SetOfNaturals" sourcefilename="SetOfNaturals.java">
            <method name="&lt;init&gt;" desc="()V" line="9">
                <counter type="INSTRUCTION" missed="0" covered="8"/>
                <counter type="LINE" missed="0" covered="2"/>
                <counter type="COMPLEXITY" missed="0" covered="1"/>
                <counter type="METHOD" missed="0" covered="1"/>
            </method>
            <method name="add" desc="(I)V" line="14">
                <counter type="INSTRUCTION" missed="0" covered="32"/>
                <counter type="BRANCH" missed="0" covered="4"/>
                <counter type="LINE" missed="0" covered="6"/>
                <counter type="COMPLEXITY" missed="0" covered="3"/>
                <counter type="METHOD" missed="0" covered="1"/>
            </method>
            <method name="add" desc="([I)V" line="27">
                <counter type="INSTRUCTION" missed="0" covered="20"/>
                <counter type="BRANCH" missed="0" covered="2"/>
                <counter type="LINE" missed="0" covered="3"/>
                <counter type="COMPLEXITY" missed="0" covered="2"/>
                <counter type="METHOD" missed="0" covered="1"/>
            </method>
            <method name="fromArray" desc="([I)Lsets/SetOfNaturals;" line="33">
                <counter type="INSTRUCTION" missed="0" covered="25"/>
                <counter type="BRANCH" missed="0" covered="2"/>
                <counter type="LINE" missed="0" covered="4"/>
                <counter type="COMPLEXITY" missed="0" covered="2"/>
                <counter type="METHOD" missed="0" covered="1"/>
            </method>
            <method name="size" desc="()I" line="42">
                <counter type="INSTRUCTION" missed="0" covered="4"/>
                <counter type="LINE" missed="0" covered="1"/>
                <counter type="COMPLEXITY" missed="0" covered="1"/>
                <counter type="METHOD" missed="0" covered="1"/>
            </method>
            <method name="intersects" desc="(Lsets/SetOfNaturals;)Z" line="47">
                <counter type="INSTRUCTION" missed="0" covered="11"/>
                <counter type="LINE" missed="0" covered="3"/>
                <counter type="COMPLEXITY" missed="0" covered="1"/>
                <counter type="METHOD" missed="0" covered="1"/>
            </method>
            <method name="contains" desc="(Ljava/lang/Integer;)Z" line="53">
                <counter type="INSTRUCTION" missed="0" covered="5"/>
                <counter type="LINE" missed="0" covered="1"/>
                <counter type="COMPLEXITY" missed="0" covered="1"/>
                <counter type="METHOD" missed="0" covered="1"/>
            </method>
            <method name="iterator" desc="()Ljava/util/Iterator;" line="58">
                <counter type="INSTRUCTION" missed="0" covered="4"/>
                <counter type="LINE" missed="0" covered="1"/>
                <counter type="COMPLEXITY" missed="0" covered="1"/>
                <counter type="METHOD" missed="0" covered="1"/>
            </method>
            <method name="hashCode" desc="()I" line="64">
                <counter type="INSTRUCTION" missed="0" covered="12"/>
                <counter type="LINE" missed="0" covered="3"/>
                <counter type="COMPLEXITY" missed="0" covered="1"/>
                <counter type="METHOD" missed="0" covered="1"/>
            </method>
            <method name="equals" desc="(Ljava/lang/Object;)Z" line="71">
                <counter type="INSTRUCTION" missed="6" covered="19"/>
                <counter type="BRANCH" missed="3" covered="3"/>
                <counter type="LINE" missed="3" covered="5"/>
                <counter type="COMPLEXITY" missed="3" covered="1"/>
                <counter type="METHOD" missed="0" covered="1"/>
            </method>
            <counter type="INSTRUCTION" missed="6" covered="140"/>
            <counter type="BRANCH" missed="3" covered="11"/>
            <counter type="LINE" missed="3" covered="29"/>
            <counter type="COMPLEXITY" missed="3" covered="14"/>
            <counter type="METHOD" missed="0" covered="10"/>
            <counter type="CLASS" missed="0" covered="1"/>
        </class>
        <sourcefile name="SetOfNaturals.java">
            <line nr="9" mi="0" ci="2" mb="0" cb="0"/>
            <line nr="11" mi="0" ci="6" mb="0" cb="0"/>
            <line nr="14" mi="0" ci="6" mb="0" cb="2"/>
            <line nr="15" mi="0" ci="12" mb="0" cb="0"/>
            <line nr="18" mi="0" ci="2" mb="0" cb="2"/>
            <line nr="19" mi="0" ci="5" mb="0" cb="0"/>
            <line nr="22" mi="0" ci="6" mb="0" cb="0"/>
            <line nr="24" mi="0" ci="1" mb="0" cb="0"/>
            <line nr="27" mi="0" ci="16" mb="0" cb="2"/>
            <line nr="28" mi="0" ci="3" mb="0" cb="0"/>
            <line nr="30" mi="0" ci="1" mb="0" cb="0"/>
            <line nr="33" mi="0" ci="4" mb="0" cb="0"/>
            <line nr="34" mi="0" ci="16" mb="0" cb="2"/>
            <line nr="35" mi="0" ci="3" mb="0" cb="0"/>
            <line nr="37" mi="0" ci="2" mb="0" cb="0"/>
            <line nr="42" mi="0" ci="4" mb="0" cb="0"/>
            <line nr="47" mi="0" ci="4" mb="0" cb="0"/>
            <line nr="48" mi="0" ci="5" mb="0" cb="0"/>
            <line nr="49" mi="0" ci="2" mb="0" cb="0"/>
            <line nr="53" mi="0" ci="5" mb="0" cb="0"/>
            <line nr="58" mi="0" ci="4" mb="0" cb="0"/>
            <line nr="64" mi="0" ci="2" mb="0" cb="0"/>
            <line nr="65" mi="0" ci="8" mb="0" cb="0"/>
            <line nr="66" mi="0" ci="2" mb="0" cb="0"/>
            <line nr="71" mi="0" ci="3" mb="1" cb="1"/>
            <line nr="72" mi="2" ci="0" mb="0" cb="0"/>
            <line nr="74" mi="0" ci="2" mb="1" cb="1"/>
            <line nr="75" mi="2" ci="0" mb="0" cb="0"/>
            <line nr="77" mi="0" ci="5" mb="1" cb="1"/>
            <line nr="78" mi="2" ci="0" mb="0" cb="0"/>
            <line nr="81" mi="0" ci="3" mb="0" cb="0"/>
            <line nr="82" mi="0" ci="6" mb="0" cb="0"/>
            <counter type="INSTRUCTION" missed="6" covered="140"/>
            <counter type="BRANCH" missed="3" covered="11"/>
            <counter type="LINE" missed="3" covered="29"/>
            <counter type="COMPLEXITY" missed="3" covered="14"/>
            <counter type="METHOD" missed="0" covered="10"/>
            <counter type="CLASS" missed="0" covered="1"/>
        </sourcefile>
        <counter type="INSTRUCTION" missed="6" covered="140"/>
        <counter type="BRANCH" missed="3" covered="11"/>
        <counter type="LINE" missed="3" covered="29"/>
        <counter type="COMPLEXITY" missed="3" covered="14"/>
        <counter type="METHOD" missed="0" covered="10"/>
        <counter type="CLASS" missed="0" covered="1"/>
    </package>
    <package name="ui">
        <class name="ui/DemoMain" sourcefilename="DemoMain.java">
            <method name="&lt;init&gt;" desc="()V" line="6">
                <counter type="INSTRUCTION" missed="3" covered="0"/>
                <counter type="LINE" missed="1" covered="0"/>
                <counter type="COMPLEXITY" missed="1" covered="0"/>
                <counter type="METHOD" missed="1" covered="0"/>
            </method>
            <method name="main" desc="([Ljava/lang/String;)V" line="11">
                <counter type="INSTRUCTION" missed="14" covered="0"/>
                <counter type="LINE" missed="5" covered="0"/>
                <counter type="COMPLEXITY" missed="1" covered="0"/>
                <counter type="METHOD" missed="1" covered="0"/>
            </method>
            <counter type="INSTRUCTION" missed="17" covered="0"/>
            <counter type="LINE" missed="6" covered="0"/>
            <counter type="COMPLEXITY" missed="2" covered="0"/>
            <counter type="METHOD" missed="2" covered="0"/>
            <counter type="CLASS" missed="1" covered="0"/>
        </class>
        <sourcefile name="DemoMain.java">
            <line nr="6" mi="3" ci="0" mb="0" cb="0"/>
            <line nr="11" mi="4" ci="0" mb="0" cb="0"/>
            <line nr="12" mi="3" ci="0" mb="0" cb="0"/>
            <line nr="13" mi="3" ci="0" mb="0" cb="0"/>
            <line nr="14" mi="3" ci="0" mb="0" cb="0"/>
            <line nr="16" mi="1" ci="0" mb="0" cb="0"/>
            <counter type="INSTRUCTION" missed="17" covered="0"/>
            <counter type="LINE" missed="6" covered="0"/>
            <counter type="COMPLEXITY" missed="2" covered="0"/>
            <counter type="METHOD" missed="2" covered="0"/>
            <counter type="CLASS" missed="1" covered="0"/>
        </sourcefile>
        <counter type="INSTRUCTION" missed="17" covered="0"/>
        <counter type="LINE" missed="6" covered="0"/>
        <counter type="COMPLEXITY" missed="2" covered="0"/>
        <counter type="METHOD" missed="2" covered="0"/>
        <counter type="CLASS" missed="1" covered="0"/>
    </package>
    <package name="euromillions">
        <class name="euromillions/Dip" sourcefilename="Dip.java">
            <method name="&lt;init&gt;" desc="()V" line="24">
                <counter type="INSTRUCTION" missed="0" covered="13"/>
                <counter type="LINE" missed="0" covered="4"/>
                <counter type="COMPLEXITY" missed="0" covered="1"/>
                <counter type="METHOD" missed="0" covered="1"/>
            </method>
            <method name="&lt;init&gt;" desc="([I[I)V" line="30">
                <counter type="INSTRUCTION" missed="5" covered="20"/>
                <counter type="BRANCH" missed="2" covered="2"/>
                <counter type="LINE" missed="1" covered="5"/>
                <counter type="COMPLEXITY" missed="2" covered="1"/>
                <counter type="METHOD" missed="0" covered="1"/>
            </method>
            <method name="getNumbersColl" desc="()Lsets/SetOfNaturals;" line="42">
                <counter type="INSTRUCTION" missed="0" covered="3"/>
                <counter type="LINE" missed="0" covered="1"/>
                <counter type="COMPLEXITY" missed="0" covered="1"/>
                <counter type="METHOD" missed="0" covered="1"/>
            </method>
            <method name="getStarsColl" desc="()Lsets/SetOfNaturals;" line="46">
                <counter type="INSTRUCTION" missed="0" covered="3"/>
                <counter type="LINE" missed="0" covered="1"/>
                <counter type="COMPLEXITY" missed="0" covered="1"/>
                <counter type="METHOD" missed="0" covered="1"/>
            </method>
            <method name="generateRandomDip" desc="()Leuromillions/Dip;" line="51">
                <counter type="INSTRUCTION" missed="0" covered="56"/>
                <counter type="BRANCH" missed="0" covered="8"/>
                <counter type="LINE" missed="0" covered="10"/>
                <counter type="COMPLEXITY" missed="0" covered="5"/>
                <counter type="METHOD" missed="0" covered="1"/>
            </method>
            <method name="hashCode" desc="()I" line="71">
                <counter type="INSTRUCTION" missed="20" covered="0"/>
                <counter type="LINE" missed="4" covered="0"/>
                <counter type="COMPLEXITY" missed="1" covered="0"/>
                <counter type="METHOD" missed="1" covered="0"/>
            </method>
            <method name="equals" desc="(Ljava/lang/Object;)Z" line="79">
                <counter type="INSTRUCTION" missed="8" covered="25"/>
                <counter type="BRANCH" missed="4" covered="4"/>
                <counter type="LINE" missed="4" covered="6"/>
                <counter type="COMPLEXITY" missed="4" covered="1"/>
                <counter type="METHOD" missed="0" covered="1"/>
            </method>
            <method name="format" desc="()Ljava/lang/String;" line="103">
                <counter type="INSTRUCTION" missed="0" covered="69"/>
                <counter type="BRANCH" missed="0" covered="4"/>
                <counter type="LINE" missed="0" covered="11"/>
                <counter type="COMPLEXITY" missed="0" covered="3"/>
                <counter type="METHOD" missed="0" covered="1"/>
            </method>
            <method name="&lt;clinit&gt;" desc="()V" line="15">
                <counter type="INSTRUCTION" missed="0" covered="17"/>
                <counter type="LINE" missed="0" covered="5"/>
                <counter type="COMPLEXITY" missed="0" covered="1"/>
                <counter type="METHOD" missed="0" covered="1"/>
            </method>
            <counter type="INSTRUCTION" missed="33" covered="206"/>
            <counter type="BRANCH" missed="6" covered="18"/>
            <counter type="LINE" missed="9" covered="43"/>
            <counter type="COMPLEXITY" missed="7" covered="14"/>
            <counter type="METHOD" missed="1" covered="8"/>
            <counter type="CLASS" missed="0" covered="1"/>
        </class>
        <class name="euromillions/EuromillionsDraw" sourcefilename="EuromillionsDraw.java">
            <method name="&lt;init&gt;" desc="(Leuromillions/Dip;)V" line="19">
                <counter type="INSTRUCTION" missed="0" covered="6"/>
                <counter type="LINE" missed="0" covered="3"/>
                <counter type="COMPLEXITY" missed="0" covered="1"/>
                <counter type="METHOD" missed="0" covered="1"/>
            </method>
            <method name="generateRandomDraw" desc="()Leuromillions/EuromillionsDraw;" line="29">
                <counter type="INSTRUCTION" missed="5" covered="0"/>
                <counter type="LINE" missed="1" covered="0"/>
                <counter type="COMPLEXITY" missed="1" covered="0"/>
                <counter type="METHOD" missed="1" covered="0"/>
            </method>
            <method name="findMatches" desc="(Leuromillions/CuponEuromillions;)Ljava/util/ArrayList;" line="41">
                <counter type="INSTRUCTION" missed="0" covered="73"/>
                <counter type="BRANCH" missed="0" covered="10"/>
                <counter type="LINE" missed="0" covered="14"/>
                <counter type="COMPLEXITY" missed="0" covered="6"/>
                <counter type="METHOD" missed="0" covered="1"/>
            </method>
            <method name="getDrawResults" desc="()Leuromillions/Dip;" line="62">
                <counter type="INSTRUCTION" missed="3" covered="0"/>
                <counter type="LINE" missed="1" covered="0"/>
                <counter type="COMPLEXITY" missed="1" covered="0"/>
                <counter type="METHOD" missed="1" covered="0"/>
            </method>
            <counter type="INSTRUCTION" missed="8" covered="79"/>
            <counter type="BRANCH" missed="0" covered="10"/>
            <counter type="LINE" missed="2" covered="17"/>
            <counter type="COMPLEXITY" missed="2" covered="7"/>
            <counter type="METHOD" missed="2" covered="2"/>
            <counter type="CLASS" missed="0" covered="1"/>
        </class>
        <class name="euromillions/CuponEuromillions" sourcefilename="CuponEuromillions.java">
            <method name="&lt;init&gt;" desc="()V" line="11">
                <counter type="INSTRUCTION" missed="0" covered="8"/>
                <counter type="LINE" missed="0" covered="2"/>
                <counter type="COMPLEXITY" missed="0" covered="1"/>
                <counter type="METHOD" missed="0" covered="1"/>
            </method>
            <method name="addDipToCuppon" desc="(Leuromillions/Dip;)V" line="16">
                <counter type="INSTRUCTION" missed="0" covered="6"/>
                <counter type="LINE" missed="0" covered="2"/>
                <counter type="COMPLEXITY" missed="0" covered="1"/>
                <counter type="METHOD" missed="0" covered="1"/>
            </method>
            <method name="countDips" desc="()I" line="20">
                <counter type="INSTRUCTION" missed="0" covered="4"/>
                <counter type="LINE" missed="0" covered="1"/>
                <counter type="COMPLEXITY" missed="0" covered="1"/>
                <counter type="METHOD" missed="0" covered="1"/>
            </method>
            <method name="getDipByIndex" desc="(I)Leuromillions/Dip;" line="26">
                <counter type="INSTRUCTION" missed="0" covered="6"/>
                <counter type="LINE" missed="0" covered="1"/>
                <counter type="COMPLEXITY" missed="0" covered="1"/>
                <counter type="METHOD" missed="0" covered="1"/>
            </method>
            <method name="format" desc="()Ljava/lang/String;" line="33">
                <counter type="INSTRUCTION" missed="42" covered="0"/>
                <counter type="BRANCH" missed="2" covered="0"/>
                <counter type="LINE" missed="8" covered="0"/>
                <counter type="COMPLEXITY" missed="2" covered="0"/>
                <counter type="METHOD" missed="1" covered="0"/>
            </method>
            <method name="iterator" desc="()Ljava/util/Iterator;" line="47">
                <counter type="INSTRUCTION" missed="0" covered="4"/>
                <counter type="LINE" missed="0" covered="1"/>
                <counter type="COMPLEXITY" missed="0" covered="1"/>
                <counter type="METHOD" missed="0" covered="1"/>
            </method>
            <counter type="INSTRUCTION" missed="42" covered="28"/>
            <counter type="BRANCH" missed="2" covered="0"/>
            <counter type="LINE" missed="8" covered="7"/>
            <counter type="COMPLEXITY" missed="2" covered="5"/>
            <counter type="METHOD" missed="1" covered="5"/>
            <counter type="CLASS" missed="0" covered="1"/>
        </class>
        <sourcefile name="EuromillionsDraw.java">
            <line nr="19" mi="0" ci="2" mb="0" cb="0"/>
            <line nr="20" mi="0" ci="3" mb="0" cb="0"/>
            <line nr="21" mi="0" ci="1" mb="0" cb="0"/>
            <line nr="29" mi="5" ci="0" mb="0" cb="0"/>
            <line nr="41" mi="0" ci="4" mb="0" cb="0"/>
            <line nr="44" mi="0" ci="10" mb="0" cb="2"/>
            <line nr="45" mi="0" ci="4" mb="0" cb="0"/>
            <line nr="46" mi="0" ci="12" mb="0" cb="2"/>
            <line nr="47" mi="0" ci="7" mb="0" cb="2"/>
            <line nr="48" mi="0" ci="4" mb="0" cb="0"/>
            <line nr="50" mi="0" ci="1" mb="0" cb="0"/>
            <line nr="51" mi="0" ci="12" mb="0" cb="2"/>
            <line nr="52" mi="0" ci="7" mb="0" cb="2"/>
            <line nr="53" mi="0" ci="4" mb="0" cb="0"/>
            <line nr="55" mi="0" ci="1" mb="0" cb="0"/>
            <line nr="56" mi="0" ci="4" mb="0" cb="0"/>
            <line nr="57" mi="0" ci="1" mb="0" cb="0"/>
            <line nr="58" mi="0" ci="2" mb="0" cb="0"/>
            <line nr="62" mi="3" ci="0" mb="0" cb="0"/>
            <counter type="INSTRUCTION" missed="8" covered="79"/>
            <counter type="BRANCH" missed="0" covered="10"/>
            <counter type="LINE" missed="2" covered="17"/>
            <counter type="COMPLEXITY" missed="2" covered="7"/>
            <counter type="METHOD" missed="2" covered="2"/>
            <counter type="CLASS" missed="0" covered="1"/>
        </sourcefile>
        <sourcefile name="Dip.java">
            <line nr="15" mi="0" ci="3" mb="0" cb="0"/>
            <line nr="16" mi="0" ci="3" mb="0" cb="0"/>
            <line nr="17" mi="0" ci="3" mb="0" cb="0"/>
            <line nr="18" mi="0" ci="3" mb="0" cb="0"/>
            <line nr="22" mi="0" ci="5" mb="0" cb="0"/>
            <line nr="24" mi="0" ci="2" mb="0" cb="0"/>
            <line nr="25" mi="0" ci="5" mb="0" cb="0"/>
            <line nr="26" mi="0" ci="5" mb="0" cb="0"/>
            <line nr="27" mi="0" ci="1" mb="0" cb="0"/>
            <line nr="30" mi="0" ci="2" mb="0" cb="0"/>
            <line nr="32" mi="0" ci="8" mb="2" cb="2"/>
            <line nr="33" mi="0" ci="4" mb="0" cb="0"/>
            <line nr="34" mi="0" ci="5" mb="0" cb="0"/>
            <line nr="36" mi="5" ci="0" mb="0" cb="0"/>
            <line nr="39" mi="0" ci="1" mb="0" cb="0"/>
            <line nr="42" mi="0" ci="3" mb="0" cb="0"/>
            <line nr="46" mi="0" ci="3" mb="0" cb="0"/>
            <line nr="51" mi="0" ci="4" mb="0" cb="0"/>
            <line nr="52" mi="0" ci="8" mb="0" cb="2"/>
            <line nr="53" mi="0" ci="7" mb="0" cb="0"/>
            <line nr="54" mi="0" ci="6" mb="0" cb="2"/>
            <line nr="55" mi="0" ci="4" mb="0" cb="0"/>
            <line nr="59" mi="0" ci="8" mb="0" cb="2"/>
            <line nr="60" mi="0" ci="7" mb="0" cb="0"/>
            <line nr="61" mi="0" ci="6" mb="0" cb="2"/>
            <line nr="62" mi="0" ci="4" mb="0" cb="0"/>
            <line nr="66" mi="0" ci="2" mb="0" cb="0"/>
            <line nr="71" mi="2" ci="0" mb="0" cb="0"/>
            <line nr="72" mi="8" ci="0" mb="0" cb="0"/>
            <line nr="73" mi="8" ci="0" mb="0" cb="0"/>
            <line nr="74" mi="2" ci="0" mb="0" cb="0"/>
            <line nr="79" mi="0" ci="3" mb="1" cb="1"/>
            <line nr="80" mi="2" ci="0" mb="0" cb="0"/>
            <line nr="82" mi="0" ci="2" mb="1" cb="1"/>
            <line nr="83" mi="2" ci="0" mb="0" cb="0"/>
            <line nr="85" mi="0" ci="5" mb="1" cb="1"/>
            <line nr="86" mi="2" ci="0" mb="0" cb="0"/>
            <line nr="88" mi="0" ci="3" mb="0" cb="0"/>
            <line nr="89" mi="0" ci="6" mb="1" cb="1"/>
            <line nr="90" mi="2" ci="0" mb="0" cb="0"/>
            <line nr="92" mi="0" ci="6" mb="0" cb="0"/>
            <line nr="103" mi="0" ci="4" mb="0" cb="0"/>
            <line nr="104" mi="0" ci="4" mb="0" cb="0"/>
            <line nr="105" mi="0" ci="12" mb="0" cb="2"/>
            <line nr="106" mi="0" ci="12" mb="0" cb="0"/>
            <line nr="107" mi="0" ci="1" mb="0" cb="0"/>
            <line nr="108" mi="0" ci="4" mb="0" cb="0"/>
            <line nr="109" mi="0" ci="12" mb="0" cb="2"/>
            <line nr="110" mi="0" ci="12" mb="0" cb="0"/>
            <line nr="111" mi="0" ci="1" mb="0" cb="0"/>
            <line nr="112" mi="0" ci="4" mb="0" cb="0"/>
            <line nr="113" mi="0" ci="3" mb="0" cb="0"/>
            <counter type="INSTRUCTION" missed="33" covered="206"/>
            <counter type="BRANCH" missed="6" covered="18"/>
            <counter type="LINE" missed="9" covered="43"/>
            <counter type="COMPLEXITY" missed="7" covered="14"/>
            <counter type="METHOD" missed="1" covered="8"/>
            <counter type="CLASS" missed="0" covered="1"/>
        </sourcefile>
        <sourcefile name="CuponEuromillions.java">
            <line nr="11" mi="0" ci="2" mb="0" cb="0"/>
            <line nr="13" mi="0" ci="6" mb="0" cb="0"/>
            <line nr="16" mi="0" ci="5" mb="0" cb="0"/>
            <line nr="17" mi="0" ci="1" mb="0" cb="0"/>
            <line nr="20" mi="0" ci="4" mb="0" cb="0"/>
            <line nr="26" mi="0" ci="6" mb="0" cb="0"/>
            <line nr="33" mi="4" ci="0" mb="0" cb="0"/>
            <line nr="34" mi="2" ci="0" mb="0" cb="0"/>
            <line nr="35" mi="10" ci="0" mb="2" cb="0"/>
            <line nr="36" mi="13" ci="0" mb="0" cb="0"/>
            <line nr="37" mi="5" ci="0" mb="0" cb="0"/>
            <line nr="38" mi="4" ci="0" mb="0" cb="0"/>
            <line nr="39" mi="1" ci="0" mb="0" cb="0"/>
            <line nr="41" mi="3" ci="0" mb="0" cb="0"/>
            <line nr="47" mi="0" ci="4" mb="0" cb="0"/>
            <counter type="INSTRUCTION" missed="42" covered="28"/>
            <counter type="BRANCH" missed="2" covered="0"/>
            <counter type="LINE" missed="8" covered="7"/>
            <counter type="COMPLEXITY" missed="2" covered="5"/>
            <counter type="METHOD" missed="1" covered="5"/>
            <counter type="CLASS" missed="0" covered="1"/>
        </sourcefile>
        <counter type="INSTRUCTION" missed="83" covered="313"/>
        <counter type="BRANCH" missed="8" covered="28"/>
        <counter type="LINE" missed="19" covered="67"/>
        <counter type="COMPLEXITY" missed="11" covered="26"/>
        <counter type="METHOD" missed="4" covered="15"/>
        <counter type="CLASS" missed="0" covered="3"/>
    </package>
    <counter type="INSTRUCTION" missed="106" covered="453"/>
    <counter type="BRANCH" missed="11" covered="39"/>
    <counter type="LINE" missed="28" covered="96"/>
    <counter type="COMPLEXITY" missed="16" covered="40"/>
    <counter type="METHOD" missed="6" covered="25"/>
    <counter type="CLASS" missed="1" covered="4"/>
</report>