<?xml version="1.0" encoding="UTF-8"?>
<testsuite xmlns:xsi="http://www.w3.org/2001/XMLSchema-instance" xsi:noNamespaceSchemaLocation="https://maven.apache.org/surefire/maven-surefire-plugin/xsd/surefire-test-report.xsd" name="geocoding.AddressResolverTest" time="0.472" tests="2" errors="1" skipped="0" failures="0">
  <properties>
[...]
</properties>
  <testcase name="whenGoodAlboiGps_returnAddress" classname="geocoding.AddressResolverTest" time="0.452"/>
  <testcase name="whenBadCoordidates_throwBadArrayindex" classname="geocoding.AddressResolverTest" time="0.016">
    <error message="&#10;Strict stubbing argument mismatch. Please check:&#10; - this invocation of &apos;get&apos; method:&#10;    httpClient.get(&#10;    &quot;http://open.mapquestapi.com/geocoding/v1/reverse?key=G1KjhsWGUtOdPAi4v3WbqtFqYMJR97cu&amp;location=-200.000000%2C-200.000000&amp;includeRoadMetadata=true&quot;&#10;);&#10;    -&gt; at geocoding.AddressResolver.findAddressForLocation(AddressResolver.java:44)&#10; - has following stubbing(s) with different arguments:&#10;    1. httpClient.get(&quot;&quot;);&#10;      -&gt; at geocoding.AddressResolverTest.whenBadCoordidates_throwBadArrayindex(AddressResolverTest.java:53)&#10;Typically, stubbing argument mismatch indicates user mistake when writing tests.&#10;Mockito fails early so that you can debug potential problem easily.&#10;However, there are legit scenarios when this exception generates false negative signal:&#10;  - stubbing the same method multiple times using &apos;given().will()&apos; or &apos;when().then()&apos; API&#10;    Please use &apos;will().given()&apos; or &apos;doReturn().when()&apos; API for stubbing.&#10;  - stubbed method is intentionally invoked with different arguments by code under test&#10;    Please use default or &apos;silent&apos; JUnit Rule (equivalent of Strictness.LENIENT).&#10;For more information see javadoc for PotentialStubbingProblem class." type="org.mockito.exceptions.misusing.PotentialStubbingProblem"><![CDATA[org.mockito.exceptions.misusing.PotentialStubbingProblem: 

Strict stubbing argument mismatch. Please check:
 - this invocation of 'get' method:
    httpClient.get(
    "http://open.mapquestapi.com/geocoding/v1/reverse?key=G1KjhsWGUtOdPAi4v3WbqtFqYMJR97cu&location=-200.000000%2C-200.000000&includeRoadMetadata=true"
);
    -> at geocoding.AddressResolver.findAddressForLocation(AddressResolver.java:44)
 - has following stubbing(s) with different arguments:
    1. httpClient.get("");
      -> at geocoding.AddressResolverTest.whenBadCoordidates_throwBadArrayindex(AddressResolverTest.java:53)
Typically, stubbing argument mismatch indicates user mistake when writing tests.
Mockito fails early so that you can debug potential problem easily.
However, there are legit scenarios when this exception generates false negative signal:
  - stubbing the same method multiple times using 'given().will()' or 'when().then()' API
    Please use 'will().given()' or 'doReturn().when()' API for stubbing.
  - stubbed method is intentionally invoked with different arguments by code under test
    Please use default or 'silent' JUnit Rule (equivalent of Strictness.LENIENT).
For more information see javadoc for PotentialStubbingProblem class.
	at geocoding.AddressResolverTest.whenBadCoordidates_throwBadArrayindex(AddressResolverTest.java:54)
]]></error>
    <system-err><![CDATA[ url is --> http://open.mapquestapi.com/geocoding/v1/reverse?key=G1KjhsWGUtOdPAi4v3WbqtFqYMJR97cu&location=-200.000000%2C-200.000000&includeRoadMetadata=true <--
]]></system-err>
  </testcase>
</testsuite>