<?xml version="1.0" encoding="UTF-8"?>
<testsuite xmlns:xsi="http://www.w3.org/2001/XMLSchema-instance" xsi:noNamespaceSchemaLocation="https://maven.apache.org/surefire/maven-surefire-plugin/xsd/surefire-test-report.xsd" name="tqs.lqb3.AppTest" time="14.642" tests="2" errors="0" skipped="0" failures="0">
  <properties>
[...]
</properties>
  <testcase name="site_header_is_on_home_page" classname="tqs.lqb3.AppTest" time="11.04"/>
  <testcase name="shouldAnswerWithTrue" classname="tqs.lqb3.AppTest" time="3.595"/>
</testsuite>