-------------------------------------------------------------------------------
Test set: integration.AddressResolverIT
-------------------------------------------------------------------------------
Tests run: 2, Failures: 1, Errors: 0, Skipped: 0, Time elapsed: 1.035 s <<< FAILURE! - in integration.AddressResolverIT
integration.AddressResolverIT.whenBadCoordidates_trhowBadArrayindex  Time elapsed: 0.765 s  <<< FAILURE!
org.opentest4j.AssertionFailedError: Expected java.io.IOException to be thrown, but nothing was thrown.
	at P2@1.0-SNAPSHOT/integration.AddressResolverIT.whenBadCoordidates_trhowBadArrayindex(AddressResolverIT.java:42)

