<?xml version="1.0" encoding="UTF-8"?>
<testsuite xmlns:xsi="http://www.w3.org/2001/XMLSchema-instance" xsi:noNamespaceSchemaLocation="https://maven.apache.org/surefire/maven-failsafe-plugin/xsd/failsafe-test-report-3.0.xsd" version="3.0" name="integration.AddressResolverIT" time="1.035" tests="2" errors="0" skipped="0" failures="1">
  <properties>
[...]
</properties>
  <testcase name="whenBadCoordidates_trhowBadArrayindex" classname="integration.AddressResolverIT" time="0.765">
    <failure type="org.opentest4j.AssertionFailedError"><![CDATA[org.opentest4j.AssertionFailedError: Expected java.io.IOException to be thrown, but nothing was thrown.
	at P2@1.0-SNAPSHOT/integration.AddressResolverIT.whenBadCoordidates_trhowBadArrayindex(AddressResolverIT.java:42)
]]></failure>
    <system-out><![CDATA[JSON is: >{"info":{"statuscode":0,"copyright":{"text":"\u00A9 2021 MapQuest, Inc.","imageUrl":"http://api.mqcdn.com/res/mqlogo.gif","imageAltText":"\u00A9 2021 MapQuest, Inc."},"messages":[]},"options":{"maxResults":1,"thumbMaps":true,"ignoreLatLngInput":false},"results":[{"providedLocation":{"latLng":{"lat":40.640661,"lng":-8.656677}},"locations":[{"street":"Cais do Alboi","adminArea6":"","adminArea6Type":"Neighborhood","adminArea5":"Gl\u00F3ria e Vera Cruz","adminArea5Type":"City","adminArea4":"","adminArea4Type":"County","adminArea3":"Centro","adminArea3Type":"State","adminArea1":"PT","adminArea1Type":"Country","postalCode":"3800-246","geocodeQualityCode":"B1AAA","geocodeQuality":"STREET","dragPoint":false,"sideOfStreet":"N","linkId":"0","unknownInput":"","type":"s","latLng":{"lat":40.640522,"lng":-8.656702},"displayLatLng":{"lat":40.640522,"lng":-8.656702},"mapUrl":"http://open.mapquestapi.com/staticmap/v5/map?key=G1KjhsWGUtOdPAi4v3WbqtFqYMJR97cu&type=map&size=225,160&locations=40.64052174401828,-8.65670233930047|marker-sm-50318A-1&scalebar=true&zoom=15&rand=2011306611","roadMetadata":null}]}]}<
]]></system-out>
    <system-err><![CDATA[ url is --> http://open.mapquestapi.com/geocoding/v1/reverse?key=G1KjhsWGUtOdPAi4v3WbqtFqYMJR97cu&location=40.640661%2C-8.656677&includeRoadMetadata=true <--
]]></system-err>
  </testcase>
  <testcase name="whenGoodCoordidates_returnAddress" classname="integration.AddressResolverIT" time="0.251">
    <system-out><![CDATA[JSON is: >{"info":{"statuscode":0,"copyright":{"text":"\u00A9 2021 MapQuest, Inc.","imageUrl":"http://api.mqcdn.com/res/mqlogo.gif","imageAltText":"\u00A9 2021 MapQuest, Inc."},"messages":[]},"options":{"maxResults":1,"thumbMaps":true,"ignoreLatLngInput":false},"results":[{"providedLocation":{"latLng":{"lat":40.640661,"lng":-8.656688}},"locations":[{"street":"Cais do Alboi","adminArea6":"","adminArea6Type":"Neighborhood","adminArea5":"Gl\u00F3ria e Vera Cruz","adminArea5Type":"City","adminArea4":"","adminArea4Type":"County","adminArea3":"Centro","adminArea3Type":"State","adminArea1":"PT","adminArea1Type":"Country","postalCode":"3800-246","geocodeQualityCode":"B1AAA","geocodeQuality":"STREET","dragPoint":false,"sideOfStreet":"N","linkId":"0","unknownInput":"","type":"s","latLng":{"lat":40.640524,"lng":-8.656713},"displayLatLng":{"lat":40.640524,"lng":-8.656713},"mapUrl":"http://open.mapquestapi.com/staticmap/v5/map?key=G1KjhsWGUtOdPAi4v3WbqtFqYMJR97cu&type=map&size=225,160&locations=40.64052368145179,-8.656712986761146|marker-sm-50318A-1&scalebar=true&zoom=15&rand=773585352","roadMetadata":null}]}]}<
]]></system-out>
    <system-err><![CDATA[ url is --> http://open.mapquestapi.com/geocoding/v1/reverse?key=G1KjhsWGUtOdPAi4v3WbqtFqYMJR97cu&location=40.640661%2C-8.656688&includeRoadMetadata=true <--
]]></system-err>
  </testcase>
</testsuite>