<?xml version="1.0" encoding="UTF-8" ?>
<testsuite tests="1" failures="0" name="tqs.lab5.RunCucumberTest" time="0.109" errors="1" skipped="0">
  <properties>
[...]
</properties>
  <testcase classname="Teste Selenium" name="Finding some cheese" time="0.109">
    <error message="The step &quot;I am on the Google search page&quot; is undefined. You can implement it using the snippet(s) below:

@Given(&quot;I am on the Google search page&quot;)
public void i_am_on_the_google_search_page() {
    // Write code here that turns the phrase above into concrete actions
    throw new io.cucumber.java.PendingException();
}


Some other steps were also undefined:

@When(&quot;I search for {string}&quot;)
public void i_search_for(String string) {
    // Write code here that turns the phrase above into concrete actions
    throw new io.cucumber.java.PendingException();
}
@Then(&quot;the page title should start with {string}&quot;)
public void the_page_title_should_start_with(String string) {
    // Write code here that turns the phrase above into concrete actions
    throw new io.cucumber.java.PendingException();
}
" type="io.cucumber.junit.UndefinedStepException">io.cucumber.junit.UndefinedStepException: The step &quot;I am on the Google search page&quot; is undefined. You can implement it using the snippet(s) below:

@Given(&quot;I am on the Google search page&quot;)
public void i_am_on_the_google_search_page() {
    // Write code here that turns the phrase above into concrete actions
    throw new io.cucumber.java.PendingException();
}


Some other steps were also undefined:

@When(&quot;I search for {string}&quot;)
public void i_search_for(String string) {
    // Write code here that turns the phrase above into concrete actions
    throw new io.cucumber.java.PendingException();
}
@Then(&quot;the page title should start with {string}&quot;)
public void the_page_title_should_start_with(String string) {
    // Write code here that turns the phrase above into concrete actions
    throw new io.cucumber.java.PendingException();
}

</error>
    <system-out>
Scenario: Finding some cheese                    &amp;#27;[90m# tqs/lab5/selenium_test.feature:4&amp;#27;[0m
  &amp;#27;[33mGiven &amp;#27;[0m&amp;#27;[33mI am on the Google search page&amp;#27;[0m           &amp;#27;[90m# null&amp;#27;[0m
  &amp;#27;[36mWhen &amp;#27;[0m&amp;#27;[36mI search for &quot;Cheese!&quot;&amp;#27;[0m                    &amp;#27;[90m# null&amp;#27;[0m
  &amp;#27;[36mThen &amp;#27;[0m&amp;#27;[36mthe page title should start with &quot;cheese&quot;&amp;#27;[0m &amp;#27;[90m# null&amp;#27;[0m
</system-out>
  </testcase>
</testsuite>